<?xml version="1.0" encoding="UTF-8"?>
<!-- Generated by org.testng.reporters.JUnitReportReporter -->
<testsuite hostname="PFI-CO2FVO4VDF91.local" name="HiveAccumuloInputFormatTest" tests="1" failures="0" timestamp="1 Apr 2013 03:10:42 GMT" time="0.044" errors="0">
  <testcase name="getHiveAccumuloRecord" time="0.044" classname="HiveAccumuloInputFormatTest"/>
</testsuite>
