<?xml version="1.0" encoding="UTF-8"?>
<!-- Generated by org.testng.reporters.JUnitReportReporter -->
<testsuite hostname="PFI-CO2FVO4VDF91.local" name="AccumuloSerdeTest" tests="4" failures="0" timestamp="1 Apr 2013 03:10:42 GMT" time="0.142" errors="0">
  <testcase name="initialize" time="0.001" classname="AccumuloSerdeTest"/>
  <testcase name="withRowID" time="0.017" classname="AccumuloSerdeTest"/>
  <testcase name="deserialize" time="0.107" classname="AccumuloSerdeTest"/>
  <testcase name="invalidColMapping" time="0.017" classname="AccumuloSerdeTest"/>
</testsuite>
